<?xml version="1.0" encoding="UTF-8"?>
<testng-results skipped="0" failed="0" ignored="0" total="1" passed="1">
  <reporter-output>
  </reporter-output>
  <suite name="Default suite" duration-ms="23117" started-at="2019-07-12T16:34:50Z" finished-at="2019-07-12T16:35:13Z">
    <groups>
    </groups>
    <test name="Default test" duration-ms="23117" started-at="2019-07-12T16:34:50Z" finished-at="2019-07-12T16:35:13Z">
      <class name="com.tests.LoginTestScripts">
        <test-method status="PASS" signature="beforeMethod()[pri:0, instance:com.tests.LoginTestScripts@26be92ad]" name="beforeMethod" is-config="true" duration-ms="9928" started-at="2019-07-12T16:34:50Z" finished-at="2019-07-12T16:35:00Z">
          <reporter-output>
          </reporter-output>
        </test-method> <!-- beforeMethod -->
        <test-method status="PASS" signature="Login()[pri:0, instance:com.tests.LoginTestScripts@26be92ad]" name="Login" duration-ms="12036" started-at="2019-07-12T16:35:00Z" finished-at="2019-07-12T16:35:12Z">
          <reporter-output>
          </reporter-output>
        </test-method> <!-- Login -->
        <test-method status="PASS" signature="driverQuit()[pri:0, instance:com.tests.LoginTestScripts@26be92ad]" name="driverQuit" is-config="true" duration-ms="1067" started-at="2019-07-12T16:35:12Z" finished-at="2019-07-12T16:35:13Z">
          <reporter-output>
          </reporter-output>
        </test-method> <!-- driverQuit -->
      </class> <!-- com.tests.LoginTestScripts -->
    </test> <!-- Default test -->
  </suite> <!-- Default suite -->
</testng-results>
